2023-04-20 13:35:40.490  INFO LAPTOP-1T2PG56S --- [kground-preinit] o.h.v.i.u.Version                        : HV000001: Hibernate Validator 8.0.0.Final
2023-04-20 13:35:40.534  INFO LAPTOP-1T2PG56S --- [           main] o.n.e.n.NeoproEduApplication             : Starting NeoproEduApplication using Java 18.0.2 with PID 11260 (C:\Users\BSiny\IdeaProjects\neopro-edu\target\classes started by BSiny in C:\Users\BSiny\IdeaProjects\neopro-edu)
2023-04-20 13:35:40.540  INFO LAPTOP-1T2PG56S --- [           main] o.n.e.n.NeoproEduApplication             : No active profile set, falling back to 1 default profile: "default"
2023-04-20 13:35:41.465  INFO LAPTOP-1T2PG56S --- [           main] .s.d.r.c.RepositoryConfigurationDelegate : Bootstrapping Spring Data JPA repositories in DEFAULT mode.
2023-04-20 13:35:41.525  INFO LAPTOP-1T2PG56S --- [           main] .s.d.r.c.RepositoryConfigurationDelegate : Finished Spring Data repository scanning in 51 ms. Found 1 JPA repository interfaces.
2023-04-20 13:35:42.092  INFO LAPTOP-1T2PG56S --- [           main] o.s.b.w.e.t.TomcatWebServer              : Tomcat initialized with port(s): 5000 (http)
2023-04-20 13:35:42.104  INFO LAPTOP-1T2PG56S --- [           main] o.a.c.h.Http11NioProtocol                : Initializing ProtocolHandler ["http-nio-5000"]
2023-04-20 13:35:42.105  INFO LAPTOP-1T2PG56S --- [           main] o.a.c.c.StandardService                  : Starting service [Tomcat]
2023-04-20 13:35:42.105  INFO LAPTOP-1T2PG56S --- [           main] o.a.c.c.StandardEngine                   : Starting Servlet engine: [Apache Tomcat/10.1.5]
2023-04-20 13:35:42.219  INFO LAPTOP-1T2PG56S --- [           main] o.a.c.c.C.[.[.[/]                        : Initializing Spring embedded WebApplicationContext
2023-04-20 13:35:42.220  INFO LAPTOP-1T2PG56S --- [           main] w.s.c.ServletWebServerApplicationContext : Root WebApplicationContext: initialization completed in 1628 ms
2023-04-20 13:35:42.412  INFO LAPTOP-1T2PG56S --- [           main] o.h.j.i.u.LogHelper                      : HHH000204: Processing PersistenceUnitInfo [name: default]
2023-04-20 13:35:42.493  INFO LAPTOP-1T2PG56S --- [           main] o.h.Version                              : HHH000412: Hibernate ORM core version 6.1.6.Final
2023-04-20 13:35:42.697  WARN LAPTOP-1T2PG56S --- [           main] o.h.o.deprecation                        : HHH90000021: Encountered deprecated setting [javax.persistence.sharedCache.mode], use [jakarta.persistence.sharedCache.mode] instead
2023-04-20 13:35:42.833  INFO LAPTOP-1T2PG56S --- [           main] c.z.h.HikariDataSource                   : HikariPool-1 - Starting...
2023-04-20 13:35:43.025  INFO LAPTOP-1T2PG56S --- [           main] c.z.h.p.HikariPool                       : HikariPool-1 - Added connection org.postgresql.jdbc.PgConnection@29fcfc54
2023-04-20 13:35:43.027  INFO LAPTOP-1T2PG56S --- [           main] c.z.h.HikariDataSource                   : HikariPool-1 - Start completed.
2023-04-20 13:35:43.063  INFO LAPTOP-1T2PG56S --- [           main] SQL dialect                              : HHH000400: Using dialect: org.hibernate.dialect.PostgreSQLDialect
2023-04-20 13:35:43.962  INFO LAPTOP-1T2PG56S --- [           main] o.h.e.t.j.p.i.JtaPlatformInitiator       : HHH000490: Using JtaPlatform implementation: [org.hibernate.engine.transaction.jta.platform.internal.NoJtaPlatform]
2023-04-20 13:35:43.974  INFO LAPTOP-1T2PG56S --- [           main] j.LocalContainerEntityManagerFactoryBean : Initialized JPA EntityManagerFactory for persistence unit 'default'
2023-04-20 13:35:44.437  WARN LAPTOP-1T2PG56S --- [           main] JpaBaseConfiguration$JpaWebConfiguration : spring.jpa.open-in-view is enabled by default. Therefore, database queries may be performed during view rendering. Explicitly configure spring.jpa.open-in-view to disable this warning
2023-04-20 13:35:45.091  INFO LAPTOP-1T2PG56S --- [           main] o.a.c.h.Http11NioProtocol                : Starting ProtocolHandler ["http-nio-5000"]
2023-04-20 13:35:45.114  INFO LAPTOP-1T2PG56S --- [           main] o.s.b.w.e.t.TomcatWebServer              : Tomcat started on port(s): 5000 (http) with context path ''
2023-04-20 13:35:45.122  INFO LAPTOP-1T2PG56S --- [           main] o.n.e.n.NeoproEduApplication             : Started NeoproEduApplication in 5.053 seconds (process running for 6.465)
2023-04-20 13:37:03.223  INFO LAPTOP-1T2PG56S --- [ionShutdownHook] j.LocalContainerEntityManagerFactoryBean : Closing JPA EntityManagerFactory for persistence unit 'default'
2023-04-20 13:37:03.226  INFO LAPTOP-1T2PG56S --- [ionShutdownHook] c.z.h.HikariDataSource                   : HikariPool-1 - Shutdown initiated...
2023-04-20 13:37:03.234  INFO LAPTOP-1T2PG56S --- [ionShutdownHook] c.z.h.HikariDataSource                   : HikariPool-1 - Shutdown completed.
2023-04-20 13:37:29.234  INFO LAPTOP-1T2PG56S --- [kground-preinit] o.h.v.i.u.Version                        : HV000001: Hibernate Validator 8.0.0.Final
2023-04-20 13:37:29.285  INFO LAPTOP-1T2PG56S --- [           main] o.n.e.n.NeoproEduApplication             : Starting NeoproEduApplication using Java 18.0.2 with PID 4108 (C:\Users\BSiny\IdeaProjects\neopro-edu\target\classes started by BSiny in C:\Users\BSiny\IdeaProjects\neopro-edu)
2023-04-20 13:37:29.292  INFO LAPTOP-1T2PG56S --- [           main] o.n.e.n.NeoproEduApplication             : No active profile set, falling back to 1 default profile: "default"
2023-04-20 13:37:30.251  INFO LAPTOP-1T2PG56S --- [           main] .s.d.r.c.RepositoryConfigurationDelegate : Bootstrapping Spring Data JPA repositories in DEFAULT mode.
2023-04-20 13:37:30.324  INFO LAPTOP-1T2PG56S --- [           main] .s.d.r.c.RepositoryConfigurationDelegate : Finished Spring Data repository scanning in 63 ms. Found 1 JPA repository interfaces.
2023-04-20 13:37:31.027  INFO LAPTOP-1T2PG56S --- [           main] o.s.b.w.e.t.TomcatWebServer              : Tomcat initialized with port(s): 5000 (http)
2023-04-20 13:37:31.042  INFO LAPTOP-1T2PG56S --- [           main] o.a.c.h.Http11NioProtocol                : Initializing ProtocolHandler ["http-nio-5000"]
2023-04-20 13:37:31.043  INFO LAPTOP-1T2PG56S --- [           main] o.a.c.c.StandardService                  : Starting service [Tomcat]
2023-04-20 13:37:31.044  INFO LAPTOP-1T2PG56S --- [           main] o.a.c.c.StandardEngine                   : Starting Servlet engine: [Apache Tomcat/10.1.5]
2023-04-20 13:37:31.187  INFO LAPTOP-1T2PG56S --- [           main] o.a.c.c.C.[.[.[/]                        : Initializing Spring embedded WebApplicationContext
2023-04-20 13:37:31.187  INFO LAPTOP-1T2PG56S --- [           main] w.s.c.ServletWebServerApplicationContext : Root WebApplicationContext: initialization completed in 1839 ms
2023-04-20 13:37:31.403  INFO LAPTOP-1T2PG56S --- [           main] o.h.j.i.u.LogHelper                      : HHH000204: Processing PersistenceUnitInfo [name: default]
2023-04-20 13:37:31.475  INFO LAPTOP-1T2PG56S --- [           main] o.h.Version                              : HHH000412: Hibernate ORM core version 6.1.6.Final
2023-04-20 13:37:31.686  WARN LAPTOP-1T2PG56S --- [           main] o.h.o.deprecation                        : HHH90000021: Encountered deprecated setting [javax.persistence.sharedCache.mode], use [jakarta.persistence.sharedCache.mode] instead
2023-04-20 13:37:31.827  INFO LAPTOP-1T2PG56S --- [           main] c.z.h.HikariDataSource                   : HikariPool-1 - Starting...
2023-04-20 13:37:32.142  INFO LAPTOP-1T2PG56S --- [           main] c.z.h.p.HikariPool                       : HikariPool-1 - Added connection org.postgresql.jdbc.PgConnection@110620d
2023-04-20 13:37:32.144  INFO LAPTOP-1T2PG56S --- [           main] c.z.h.HikariDataSource                   : HikariPool-1 - Start completed.
2023-04-20 13:37:32.181  INFO LAPTOP-1T2PG56S --- [           main] SQL dialect                              : HHH000400: Using dialect: org.hibernate.dialect.PostgreSQLDialect
2023-04-20 13:37:33.192  INFO LAPTOP-1T2PG56S --- [           main] o.h.e.t.j.p.i.JtaPlatformInitiator       : HHH000490: Using JtaPlatform implementation: [org.hibernate.engine.transaction.jta.platform.internal.NoJtaPlatform]
2023-04-20 13:37:33.203  INFO LAPTOP-1T2PG56S --- [           main] j.LocalContainerEntityManagerFactoryBean : Initialized JPA EntityManagerFactory for persistence unit 'default'
2023-04-20 13:37:33.761  WARN LAPTOP-1T2PG56S --- [           main] JpaBaseConfiguration$JpaWebConfiguration : spring.jpa.open-in-view is enabled by default. Therefore, database queries may be performed during view rendering. Explicitly configure spring.jpa.open-in-view to disable this warning
2023-04-20 13:37:34.616  INFO LAPTOP-1T2PG56S --- [           main] o.a.c.h.Http11NioProtocol                : Starting ProtocolHandler ["http-nio-5000"]
2023-04-20 13:37:34.642  INFO LAPTOP-1T2PG56S --- [           main] o.s.b.w.e.t.TomcatWebServer              : Tomcat started on port(s): 5000 (http) with context path ''
2023-04-20 13:37:34.654  INFO LAPTOP-1T2PG56S --- [           main] o.n.e.n.NeoproEduApplication             : Started NeoproEduApplication in 5.857 seconds (process running for 7.403)
2023-04-20 13:37:46.104  INFO LAPTOP-1T2PG56S --- [nio-5000-exec-5] o.a.c.c.C.[.[.[/]                        : Initializing Spring DispatcherServlet 'dispatcherServlet'
2023-04-20 13:37:46.104  INFO LAPTOP-1T2PG56S --- [nio-5000-exec-5] o.s.w.s.DispatcherServlet                : Initializing Servlet 'dispatcherServlet'
2023-04-20 13:37:46.106  INFO LAPTOP-1T2PG56S --- [nio-5000-exec-5] o.s.w.s.DispatcherServlet                : Completed initialization in 2 ms
2023-04-20 13:39:10.216  INFO LAPTOP-1T2PG56S --- [ionShutdownHook] j.LocalContainerEntityManagerFactoryBean : Closing JPA EntityManagerFactory for persistence unit 'default'
2023-04-20 13:39:10.220  INFO LAPTOP-1T2PG56S --- [ionShutdownHook] c.z.h.HikariDataSource                   : HikariPool-1 - Shutdown initiated...
2023-04-20 13:39:10.224  INFO LAPTOP-1T2PG56S --- [ionShutdownHook] c.z.h.HikariDataSource                   : HikariPool-1 - Shutdown completed.
